[2018-02-17 18:40:12]: --- Started producing tickets for all available seats (TicketProducer.produceTickets())
[2018-02-17 18:40:12]: > Producing ticket for left seat with id 735
[2018-02-17 18:40:12]: > Producing ticket for left seat with id 736
[2018-02-17 18:40:12]: > Producing ticket for left seat with id 737
[2018-02-17 18:40:12]: > Producing ticket for left seat with id 738
[2018-02-17 18:40:12]: > Producing ticket for left seat with id 739
[2018-02-17 18:40:12]: > Producing ticket for left seat with id 740
[2018-02-17 18:40:12]: > Producing ticket for left seat with id 741
[2018-02-17 18:40:12]: > Producing ticket for left seat with id 742
[2018-02-17 18:40:12]: > Producing ticket for left seat with id 743
[2018-02-17 18:40:12]: > Producing ticket for left seat with id 744
[2018-02-17 18:40:12]: > Producing ticket for left seat with id 745
[2018-02-17 18:40:12]: > Producing ticket for left seat with id 746
[2018-02-17 18:40:12]: > Producing ticket for left seat with id 747
[2018-02-17 18:40:12]: > Producing ticket for left seat with id 748
[2018-02-17 18:40:12]: > Producing ticket for left seat with id 749
[2018-02-17 18:40:12]: > Producing ticket for left seat with id 750
[2018-02-17 18:40:12]: > Producing ticket for left seat with id 751
[2018-02-17 18:40:12]: > Producing ticket for left seat with id 752
[2018-02-17 18:40:12]: > Producing ticket for left seat with id 753
[2018-02-17 18:40:12]: > Producing ticket for left seat with id 754
[2018-02-17 18:40:12]: > Producing ticket for left seat with id 755
[2018-02-17 18:40:12]: > Producing ticket for left seat with id 756
[2018-02-17 18:40:12]: > Producing ticket for left seat with id 757
[2018-02-17 18:40:12]: > Producing ticket for left seat with id 758
[2018-02-17 18:40:12]: > Producing ticket for left seat with id 759
[2018-02-17 18:40:12]: > Producing ticket for right seat with id 760
[2018-02-17 18:40:12]: > Producing ticket for right seat with id 761
[2018-02-17 18:40:12]: > Producing ticket for right seat with id 762
[2018-02-17 18:40:12]: > Producing ticket for right seat with id 763
[2018-02-17 18:40:12]: > Producing ticket for right seat with id 764
[2018-02-17 18:40:12]: > Producing ticket for right seat with id 765
[2018-02-17 18:40:12]: > Producing ticket for right seat with id 766
[2018-02-17 18:40:12]: > Producing ticket for right seat with id 767
[2018-02-17 18:40:12]: > Producing ticket for right seat with id 768
[2018-02-17 18:40:12]: > Producing ticket for right seat with id 769
[2018-02-17 18:40:12]: > Producing ticket for right seat with id 770
[2018-02-17 18:40:12]: > Producing ticket for right seat with id 771
[2018-02-17 18:40:12]: > Producing ticket for right seat with id 772
[2018-02-17 18:40:12]: > Producing ticket for right seat with id 773
[2018-02-17 18:40:12]: > Producing ticket for right seat with id 774
[2018-02-17 18:40:12]: > Producing ticket for right seat with id 775
[2018-02-17 18:40:12]: > Producing ticket for right seat with id 776
[2018-02-17 18:40:12]: > Producing ticket for right seat with id 777
[2018-02-17 18:40:12]: > Producing ticket for right seat with id 778
[2018-02-17 18:40:12]: > Producing ticket for right seat with id 779
[2018-02-17 18:40:12]: > Producing ticket for right seat with id 780
[2018-02-17 18:40:12]: > Producing ticket for right seat with id 781
[2018-02-17 18:40:12]: > Producing ticket for right seat with id 782
[2018-02-17 18:40:12]: > Producing ticket for right seat with id 783
[2018-02-17 18:40:12]: > Producing ticket for right seat with id 784
[2018-02-17 18:40:12]: 
[2018-02-17 18:40:12]: --- Producing corrupt tickets to be identified by the conductor (TicketProducer.produceInvalidTickets())
[2018-02-17 18:40:12]: > Producing voyager without building ticket (fare dodger)
[2018-02-17 18:40:12]:    -> Voyager 'Daniel Vagabond' should be found by the intelligent conductor
[2018-02-17 18:40:12]: > Producing voyager with disparate ticket id on RFIDChip that is not registered in the ticket repository
[2018-02-17 18:40:12]:    -> Voyager 'Donald Trump' should be found by the intelligent conductor
[2018-02-17 18:40:12]: --- Fetching list of voyagers to be checked by the conductor (IntelligentConductor.init())
[2018-02-17 18:40:12]: > Tickets were produced, conductor received list of passengers.
[2018-02-17 18:40:12]: > Shuffling the list of passengers randomly to hide invalid tickets!
[2018-02-17 18:40:12]: --- Fetching list of voyagers to be checked by the conductor (IntelligentConductor.init())
[2018-02-17 18:40:12]: > Tickets were produced, conductor received list of passengers.
[2018-02-17 18:40:12]: > Shuffling the list of passengers randomly to hide invalid tickets!
